<?xml version="1.0" encoding="UTF-8"?>
<!-- Generated by org.testng.reporters.JUnitReportReporter -->
<testsuite skipped="0" hostname="DESKTOP-QNJN1CT" name="com.shopping.yourlogo.TestExecution" tests="3" failures="0" timestamp="22 Nov 2019 14:18:41 GMT" time="8.084" errors="0">
  <testcase name="loginTest" time="3.017" classname="com.shopping.yourlogo.TestExecution"/>
  <testcase name="SignInPage" time="3.063" classname="com.shopping.yourlogo.TestExecution"/>
  <testcase name="ItemAddedToCart" time="2.004" classname="com.shopping.yourlogo.TestExecution"/>
</testsuite> <!-- com.shopping.yourlogo.TestExecution -->
