<?xml version="1.0" encoding="UTF-8"?>
<!-- Generated by org.testng.reporters.JUnitReportReporter -->
<testsuite skipped="0" hostname="DESKTOP-QNJN1CT" name="com.shopping.yourlogo.BaseClass" tests="3" failures="0" timestamp="25 Nov 2019 15:23:04 GMT" time="35.078" errors="0">
  <testcase name="loginTest" time="6.147" classname="com.shopping.yourlogo.BaseClass"/>
  <testcase name="SignInPage" time="12.340" classname="com.shopping.yourlogo.BaseClass"/>
  <testcase name="ItemAddedToCart" time="16.591" classname="com.shopping.yourlogo.BaseClass"/>
</testsuite> <!-- com.shopping.yourlogo.BaseClass -->
